--- Log opened Wed Oct 22 23:30:51 2014
23:30 !localhost.localdomain BitlBee-IRCd initialized, please go on
--- Log closed Wed Oct 22 23:32:18 2014
--- Log opened Wed Oct 22 23:32:21 2014
23:32 !localhost.localdomain BitlBee-IRCd initialized, please go on
--- Log closed Wed Oct 22 23:33:14 2014
--- Log opened Wed Oct 22 23:33:41 2014
23:33 !localhost.localdomain BitlBee-IRCd initialized, please go on
--- Log closed Wed Oct 22 23:33:45 2014
--- Log opened Wed Oct 22 23:34:47 2014
23:34 !localhost.localdomain BitlBee-IRCd initialized, please go on
--- Log closed Wed Oct 22 23:34:49 2014
--- Log opened Wed Oct 22 23:36:15 2014
23:36 !localhost.localdomain BitlBee-IRCd initialized, please go on
--- Log closed Wed Oct 22 23:38:32 2014
--- Log opened Wed Oct 22 23:39:41 2014
23:39 !localhost.localdomain BitlBee-IRCd initialized, please go on
--- Log closed Wed Oct 22 23:39:58 2014
--- Log opened Wed Oct 22 23:41:58 2014
23:41 !localhost.localdomain BitlBee-IRCd initialized, please go on
--- Log closed Wed Oct 22 23:42:44 2014
--- Log opened Wed Oct 22 23:45:00 2014
23:45 !localhost.localdomain BitlBee-IRCd initialized, please go on
--- Log closed Wed Oct 22 23:45:45 2014
--- Log opened Wed Oct 22 23:47:51 2014
23:47 !localhost.localdomain BitlBee-IRCd initialized, please go on
--- Log closed Wed Oct 22 23:48:11 2014
--- Log opened Wed Oct 22 23:51:59 2014
23:51 !localhost.localdomain BitlBee-IRCd initialized, please go on
--- Log closed Wed Oct 22 23:53:50 2014
--- Log opened Wed Oct 22 23:57:28 2014
23:57 !localhost.localdomain BitlBee-IRCd initialized, please go on
23:59 !localhost.localdomain BitlBee-IRCd initialized, please go on
--- Log closed Thu Oct 23 00:00:31 2014
--- Log opened Thu Oct 23 00:00:33 2014
00:00 !localhost.localdomain BitlBee-IRCd initialized, please go on
--- Log closed Thu Oct 23 00:02:29 2014
--- Log opened Thu Oct 23 00:02:30 2014
00:02 !localhost.localdomain BitlBee-IRCd initialized, please go on
--- Log closed Thu Oct 23 00:07:26 2014
