--- Log opened Wed Oct 22 23:58:37 2014
23:58 :: Irssi: Starting query in bitlbee with nickserv
23:58          mijicd: set password ZabanEFarsiBaladam!
23:59          mijicd: RHELmax#987
23:59          mijicd: idenify RHELmax#987
23:59          mijicd: identify RHELmax#987
--- Day changed Thu Oct 23 2014
00:00 :: Irssi: Closing query with nickserv
--- Log closed Thu Oct 23 00:00:11 2014
--- Log opened Thu Oct 23 00:00:23 2014
00:00 :: Irssi: Starting query in bitlbee with nickserv
00:00          mijicd: identify RHELmax#987
--- Log closed Thu Oct 23 00:00:31 2014
--- Log opened Thu Oct 23 00:01:29 2014
00:01 :: Irssi: Starting query in bitlbee with nickserv
00:01          mijicd: set password ZabanEFarsiBaladam!
--- Log closed Thu Oct 23 00:02:29 2014
--- Log opened Thu Oct 23 00:03:24 2014
00:03 :: Irssi: Starting query in bitlbee with nickserv
00:03          mijicd: set password ZabanEFarsiBaladam!
00:07 :: Irssi: Closing query with nickserv
--- Log closed Thu Oct 23 00:07:21 2014
