--- Log opened Wed Oct 22 23:15:25 2014
23:15 :: Irssi: #python-unregistered: Total of 1036 nicks [1 ops, 0 halfops, 0 voices, 1035 normal]
--- Log closed Wed Oct 22 23:15:30 2014
--- Log opened Wed Oct 22 23:18:07 2014
23:18 :: Irssi: #python-unregistered: Total of 1033 nicks [1 ops, 0 halfops, 0 voices, 1032 normal]
23:18 :: Irssi: Join to #python-unregistered was synced in 11 secs
--- Log closed Wed Oct 22 23:18:24 2014
--- Log opened Wed Oct 22 23:20:03 2014
23:20 :: Irssi: #python-unregistered: Total of 1032 nicks [1 ops, 0 halfops, 0 voices, 1031 normal]
23:20 :: Irssi: Join to #python-unregistered was synced in 11 secs
--- Log closed Wed Oct 22 23:20:18 2014
--- Log opened Wed Oct 22 23:21:24 2014
23:21 :: Irssi: #python-unregistered: Total of 1030 nicks [1 ops, 0 halfops, 0 voices, 1029 normal]
23:21 :: Irssi: Join to #python-unregistered was synced in 11 secs
--- Log closed Wed Oct 22 23:21:39 2014
--- Log opened Wed Oct 22 23:23:16 2014
23:23 :: Irssi: #python-unregistered: Total of 1029 nicks [1 ops, 0 halfops, 0 voices, 1028 normal]
23:23 :: Irssi: Join to #python-unregistered was synced in 11 secs
--- Log closed Wed Oct 22 23:23:36 2014
--- Log opened Wed Oct 22 23:27:11 2014
23:27 :: Irssi: #python-unregistered: Total of 1023 nicks [1 ops, 0 halfops, 0 voices, 1022 normal]
23:27 :: Irssi: Join to #python-unregistered was synced in 11 secs
--- Log closed Wed Oct 22 23:28:20 2014
--- Log opened Wed Oct 22 23:31:06 2014
23:31 :: Irssi: #python-unregistered: Total of 1023 nicks [1 ops, 0 halfops, 0 voices, 1022 normal]
23:31 :: Irssi: Join to #python-unregistered was synced in 11 secs
--- Log closed Wed Oct 22 23:32:17 2014
--- Log opened Wed Oct 22 23:32:35 2014
23:32 :: Irssi: #python-unregistered: Total of 1025 nicks [1 ops, 0 halfops, 0 voices, 1024 normal]
23:32 :: Irssi: Join to #python-unregistered was synced in 11 secs
--- Log closed Wed Oct 22 23:33:14 2014
--- Log opened Wed Oct 22 23:36:32 2014
23:36 :: Irssi: #python-unregistered: Total of 1024 nicks [1 ops, 0 halfops, 0 voices, 1023 normal]
23:36 :: Irssi: Join to #python-unregistered was synced in 10 secs
--- Log closed Wed Oct 22 23:38:17 2014
--- Log opened Wed Oct 22 23:39:54 2014
23:39 :: Irssi: #python-unregistered: Total of 1024 nicks [1 ops, 0 halfops, 0 voices, 1023 normal]
--- Log closed Wed Oct 22 23:39:57 2014
--- Log opened Wed Oct 22 23:42:13 2014
23:42 :: Irssi: #python-unregistered: Total of 1022 nicks [1 ops, 0 halfops, 0 voices, 1021 normal]
23:42 :: Irssi: Join to #python-unregistered was synced in 11 secs
--- Log closed Wed Oct 22 23:42:37 2014
--- Log opened Wed Oct 22 23:45:14 2014
23:45 :: Irssi: #python-unregistered: Total of 1024 nicks [1 ops, 0 halfops, 0 voices, 1023 normal]
23:45 :: Irssi: Join to #python-unregistered was synced in 1 secs
--- Log closed Wed Oct 22 23:45:45 2014
--- Log opened Wed Oct 22 23:48:06 2014
23:48 :: Irssi: #python-unregistered: Total of 1025 nicks [1 ops, 0 halfops, 0 voices, 1024 normal]
23:48 :: Irssi: Join to #python-unregistered was synced in 1 secs
--- Log closed Wed Oct 22 23:48:11 2014
--- Log opened Wed Oct 22 23:52:12 2014
23:52 :: Irssi: #python-unregistered: Total of 1028 nicks [1 ops, 0 halfops, 0 voices, 1027 normal]
23:52 :: Irssi: Join to #python-unregistered was synced in 0 secs
--- Log closed Wed Oct 22 23:52:28 2014
--- Log opened Wed Oct 22 23:52:45 2014
23:52 :: Irssi: #python-unregistered: Total of 1030 nicks [1 ops, 0 halfops, 0 voices, 1029 normal]
23:52 :: Irssi: Join to #python-unregistered was synced in 7 secs
--- Log closed Wed Oct 22 23:52:58 2014
--- Log opened Wed Oct 22 23:53:13 2014
23:53 :: Irssi: #python-unregistered: Total of 1029 nicks [1 ops, 0 halfops, 0 voices, 1028 normal]
23:53 :: Irssi: Join to #python-unregistered was synced in 11 secs
--- Log closed Wed Oct 22 23:53:45 2014
--- Log opened Wed Oct 22 23:57:44 2014
23:57 :: Irssi: #python-unregistered: Total of 1022 nicks [1 ops, 0 halfops, 0 voices, 1021 normal]
23:57 :: Irssi: Join to #python-unregistered was synced in 1 secs
--- Log closed Thu Oct 23 00:00:31 2014
--- Log opened Thu Oct 23 00:00:46 2014
00:00 :: Irssi: #python-unregistered: Total of 1025 nicks [1 ops, 0 halfops, 0 voices, 1024 normal]
00:00 :: Irssi: Join to #python-unregistered was synced in 1 secs
--- Log closed Thu Oct 23 00:02:28 2014
--- Log opened Thu Oct 23 00:02:43 2014
00:02 :: Irssi: #python-unregistered: Total of 1025 nicks [1 ops, 0 halfops, 0 voices, 1024 normal]
00:02 :: Irssi: Join to #python-unregistered was synced in 0 secs
--- Log closed Thu Oct 23 00:07:25 2014
