--- Log opened Wed Oct 22 23:15:26 2014
23:15 :: Irssi: #scala: Total of 465 nicks [0 ops, 0 halfops, 0 voices, 465 normal]
--- Log closed Wed Oct 22 23:15:30 2014
--- Log opened Wed Oct 22 23:18:08 2014
23:18 :: Irssi: #scala: Total of 464 nicks [0 ops, 0 halfops, 0 voices, 464 normal]
23:18 :: Irssi: Join to #scala was synced in 22 secs
--- Log closed Wed Oct 22 23:18:24 2014
--- Log opened Wed Oct 22 23:20:04 2014
23:20 :: Irssi: #scala: Total of 463 nicks [0 ops, 0 halfops, 0 voices, 463 normal]
--- Log closed Wed Oct 22 23:20:18 2014
--- Log opened Wed Oct 22 23:21:24 2014
23:21 :: Irssi: #scala: Total of 463 nicks [0 ops, 0 halfops, 0 voices, 463 normal]
23:21 :: Irssi: Join to #scala was synced in 22 secs
--- Log closed Wed Oct 22 23:21:39 2014
--- Log opened Wed Oct 22 23:23:16 2014
23:23 :: Irssi: #scala: Total of 461 nicks [0 ops, 0 halfops, 0 voices, 461 normal]
23:23 :: Irssi: Join to #scala was synced in 22 secs
--- Log closed Wed Oct 22 23:23:36 2014
--- Log opened Wed Oct 22 23:27:12 2014
23:27 :: Irssi: #scala: Total of 461 nicks [0 ops, 0 halfops, 0 voices, 461 normal]
23:27        cphoover : OlegYch: Do I need to configure something perhaps?
23:27 :: Irssi: Join to #scala was synced in 22 secs
23:27         OlegYch : i don't think so
23:28         OlegYch : should work by default
--- Log closed Wed Oct 22 23:28:20 2014
--- Log opened Wed Oct 22 23:31:06 2014
23:31 :: Irssi: #scala: Total of 462 nicks [0 ops, 0 halfops, 0 voices, 462 normal]
23:31 !wilhelm.freenode.net [freenode-info] help freenode weed out clonebots -- please register your IRC nick and auto-identify: http://freenode.net/faq.shtml#nicksetup
23:31 :: Irssi: Join to #scala was synced in 22 secs
--- Log closed Wed Oct 22 23:32:17 2014
--- Log opened Wed Oct 22 23:32:36 2014
23:32 :: Irssi: #scala: Total of 460 nicks [0 ops, 0 halfops, 0 voices, 460 normal]
23:32 :: Irssi: Join to #scala was synced in 22 secs
--- Log closed Wed Oct 22 23:33:14 2014
--- Log opened Wed Oct 22 23:36:32 2014
23:36 :: Irssi: #scala: Total of 459 nicks [0 ops, 0 halfops, 0 voices, 459 normal]
23:36 :: Irssi: Join to #scala was synced in 23 secs
--- Log closed Wed Oct 22 23:38:17 2014
--- Log opened Wed Oct 22 23:39:54 2014
23:39 :: Irssi: #scala: Total of 461 nicks [0 ops, 0 halfops, 0 voices, 461 normal]
--- Log closed Wed Oct 22 23:39:57 2014
--- Log opened Wed Oct 22 23:42:13 2014
23:42 :: Irssi: #scala: Total of 461 nicks [0 ops, 0 halfops, 0 voices, 461 normal]
23:42 !card.freenode.net [freenode-info] channel trolls and no channel staff around to help? please check with freenode support: http://freenode.net/faq.shtml#gettinghelp
23:42 :: Irssi: Join to #scala was synced in 22 secs
--- Log closed Wed Oct 22 23:42:37 2014
--- Log opened Wed Oct 22 23:45:15 2014
23:45 :: Irssi: #scala: Total of 463 nicks [0 ops, 0 halfops, 0 voices, 463 normal]
23:45 :: Irssi: Join to #scala was synced in 9 secs
23:45            Loof : Well, this is fun... I got code that appears to work
23:45            Loof : I'm getting some extra junk in the ouput
23:45            Loof : not quite figured that out yet :P
--- Log closed Wed Oct 22 23:45:45 2014
--- Log opened Wed Oct 22 23:48:06 2014
23:48 :: Irssi: #scala: Total of 463 nicks [0 ops, 0 halfops, 0 voices, 463 normal]
23:48 :: Irssi: Join to #scala was synced in 8 secs
--- Log closed Wed Oct 22 23:48:11 2014
--- Log opened Wed Oct 22 23:52:12 2014
23:52 :: Irssi: #scala: Total of 465 nicks [0 ops, 0 halfops, 0 voices, 465 normal]
23:52 :: Irssi: Join to #scala was synced in 9 secs
--- Log closed Wed Oct 22 23:52:28 2014
--- Log opened Wed Oct 22 23:52:44 2014
23:52 :: Irssi: #scala: Total of 466 nicks [0 ops, 0 halfops, 0 voices, 466 normal]
23:52 :: Irssi: Join to #scala was synced in 7 secs
--- Log closed Wed Oct 22 23:52:58 2014
--- Log opened Wed Oct 22 23:53:12 2014
23:53 :: Irssi: #scala: Total of 467 nicks [0 ops, 0 halfops, 0 voices, 467 normal]
23:53 :: Irssi: Join to #scala was synced in 10 secs
--- Log closed Wed Oct 22 23:53:45 2014
--- Log opened Wed Oct 22 23:57:44 2014
23:57 :: Irssi: #scala: Total of 463 nicks [0 ops, 0 halfops, 0 voices, 463 normal]
23:57 !tepper.freenode.net [freenode-info] channel trolls and no channel staff around to help? please check with freenode support: http://freenode.net/faq.shtml#gettinghelp
23:57 :: Irssi: Join to #scala was synced in 9 secs
23:59         OlegYch : niceseb: directories do not matter
--- Day changed Thu Oct 23 2014
00:00         OlegYch : see what packages stuff is in and import it
--- Log closed Thu Oct 23 00:00:31 2014
--- Log opened Thu Oct 23 00:00:46 2014
00:00 :: Irssi: #scala: Total of 462 nicks [0 ops, 0 halfops, 0 voices, 462 normal]
00:00 !tepper.freenode.net [freenode-info] help freenode weed out clonebots -- please register your IRC nick and auto-identify: http://freenode.net/faq.shtml#nicksetup
00:00 :: Irssi: Join to #scala was synced in 9 secs
--- Log closed Thu Oct 23 00:02:28 2014
--- Log opened Thu Oct 23 00:02:43 2014
00:02 :: Irssi: #scala: Total of 460 nicks [0 ops, 0 halfops, 0 voices, 460 normal]
00:02 :: Irssi: Join to #scala was synced in 9 secs
00:05         niceseb : But if I dont specify directories how does scala know where to find it?
--- Log closed Thu Oct 23 00:07:25 2014
