--- Log opened Wed Oct 22 23:15:26 2014
23:15 -ChanServ(ChanServ@services.)- [##linux] Welcome to ##Linux! Can't speak? Please see http://www.linuxassist.net/how-to-connect/ on how to register or identify your nick. By joining this channel you agree to abide by the channel rules and guidelines stated on the official ##Linux website http://www.linuxassist.net/channel-rules/
23:15 -ChanServ(ChanServ@services.)- [#ruby] Welcome to #ruby. || http://www.ruby-lang.org || http://www.modruby.net
--- Log closed Wed Oct 22 23:15:34 2014
--- Log opened Wed Oct 22 23:18:08 2014
23:18 -ChanServ(ChanServ@services.)- [##linux] Welcome to ##Linux! Can't speak? Please see http://www.linuxassist.net/how-to-connect/ on how to register or identify your nick. By joining this channel you agree to abide by the channel rules and guidelines stated on the official ##Linux website http://www.linuxassist.net/channel-rules/
23:18 -ChanServ(ChanServ@services.)- [#ruby] Welcome to #ruby. || http://www.ruby-lang.org || http://www.modruby.net
--- Log closed Wed Oct 22 23:18:28 2014
--- Log opened Wed Oct 22 23:20:04 2014
23:20 -ChanServ(ChanServ@services.)- [##linux] Welcome to ##Linux! Can't speak? Please see http://www.linuxassist.net/how-to-connect/ on how to register or identify your nick. By joining this channel you agree to abide by the channel rules and guidelines stated on the official ##Linux website http://www.linuxassist.net/channel-rules/
23:20 -ChanServ(ChanServ@services.)- [#ruby] Welcome to #ruby. || http://www.ruby-lang.org || http://www.modruby.net
--- Log closed Wed Oct 22 23:20:20 2014
--- Log opened Wed Oct 22 23:21:24 2014
23:21 -ChanServ(ChanServ@services.)- [##linux] Welcome to ##Linux! Can't speak? Please see http://www.linuxassist.net/how-to-connect/ on how to register or identify your nick. By joining this channel you agree to abide by the channel rules and guidelines stated on the official ##Linux website http://www.linuxassist.net/channel-rules/
23:21 -ChanServ(ChanServ@services.)- [#ruby] Welcome to #ruby. || http://www.ruby-lang.org || http://www.modruby.net
--- Log closed Wed Oct 22 23:21:40 2014
--- Log opened Wed Oct 22 23:23:16 2014
23:23 -ChanServ(ChanServ@services.)- [##linux] Welcome to ##Linux! Can't speak? Please see http://www.linuxassist.net/how-to-connect/ on how to register or identify your nick. By joining this channel you agree to abide by the channel rules and guidelines stated on the official ##Linux website http://www.linuxassist.net/channel-rules/
23:23 -ChanServ(ChanServ@services.)- [#ruby] Welcome to #ruby. || http://www.ruby-lang.org || http://www.modruby.net
--- Log closed Wed Oct 22 23:26:54 2014
--- Log opened Wed Oct 22 23:27:12 2014
23:27 -ChanServ(ChanServ@services.)- [##linux] Welcome to ##Linux! Can't speak? Please see http://www.linuxassist.net/how-to-connect/ on how to register or identify your nick. By joining this channel you agree to abide by the channel rules and guidelines stated on the official ##Linux website http://www.linuxassist.net/channel-rules/
23:27 -ChanServ(ChanServ@services.)- [#ruby] Welcome to #ruby. || http://www.ruby-lang.org || http://www.modruby.net
--- Log closed Wed Oct 22 23:28:36 2014
--- Log opened Wed Oct 22 23:31:06 2014
23:31 -ChanServ(ChanServ@services.)- [##linux] Welcome to ##Linux! Can't speak? Please see http://www.linuxassist.net/how-to-connect/ on how to register or identify your nick. By joining this channel you agree to abide by the channel rules and guidelines stated on the official ##Linux website http://www.linuxassist.net/channel-rules/
23:31 -ChanServ(ChanServ@services.)- [#ruby] Welcome to #ruby. || http://www.ruby-lang.org || http://www.modruby.net
--- Log closed Wed Oct 22 23:32:18 2014
--- Log opened Wed Oct 22 23:32:37 2014
23:32 -ChanServ(ChanServ@services.)- [##linux] Welcome to ##Linux! Can't speak? Please see http://www.linuxassist.net/how-to-connect/ on how to register or identify your nick. By joining this channel you agree to abide by the channel rules and guidelines stated on the official ##Linux website http://www.linuxassist.net/channel-rules/
23:32 -ChanServ(ChanServ@services.)- [#ruby] Welcome to #ruby. || http://www.ruby-lang.org || http://www.modruby.net
--- Log closed Wed Oct 22 23:33:14 2014
--- Log opened Wed Oct 22 23:36:32 2014
23:36 -ChanServ(ChanServ@services.)- [##linux] Welcome to ##Linux! Can't speak? Please see http://www.linuxassist.net/how-to-connect/ on how to register or identify your nick. By joining this channel you agree to abide by the channel rules and guidelines stated on the official ##Linux website http://www.linuxassist.net/channel-rules/
23:36 -ChanServ(ChanServ@services.)- [#ruby] Welcome to #ruby. || http://www.ruby-lang.org || http://www.modruby.net
--- Log closed Wed Oct 22 23:38:32 2014
--- Log opened Wed Oct 22 23:39:54 2014
23:39 -ChanServ(ChanServ@services.)- [##linux] Welcome to ##Linux! Can't speak? Please see http://www.linuxassist.net/how-to-connect/ on how to register or identify your nick. By joining this channel you agree to abide by the channel rules and guidelines stated on the official ##Linux website http://www.linuxassist.net/channel-rules/
23:39 -ChanServ(ChanServ@services.)- [#ruby] Welcome to #ruby. || http://www.ruby-lang.org || http://www.modruby.net
--- Log closed Wed Oct 22 23:39:58 2014
--- Log opened Wed Oct 22 23:42:13 2014
23:42 -ChanServ(ChanServ@services.)- [##linux] Welcome to ##Linux! Can't speak? Please see http://www.linuxassist.net/how-to-connect/ on how to register or identify your nick. By joining this channel you agree to abide by the channel rules and guidelines stated on the official ##Linux website http://www.linuxassist.net/channel-rules/
23:42 -ChanServ(ChanServ@services.)- [#ruby] Welcome to #ruby. || http://www.ruby-lang.org || http://www.modruby.net
--- Log closed Wed Oct 22 23:42:44 2014
--- Log opened Thu Oct 23 00:03:08 2014
00:03 -ChanServ(ChanServ@services.)- [#python] Welcome to #python, puny fleshlings. Please see our website, http://pound-python.org/ , for information about the channel and Python.
--- Log closed Thu Oct 23 00:07:26 2014
