--- Log opened Wed Oct 22 23:15:20 2014
23:15 -NickServ(NickServ@services.)- This nickname is registered. Please choose a different nickname, or identify via /msg NickServ identify <password>.
--- Log closed Wed Oct 22 23:15:34 2014
--- Log opened Wed Oct 22 23:18:01 2014
23:18 -NickServ(NickServ@services.)- This nickname is registered. Please choose a different nickname, or identify via /msg NickServ identify <password>.
--- Log closed Wed Oct 22 23:18:28 2014
--- Log opened Wed Oct 22 23:19:57 2014
23:19 -NickServ(NickServ@services.)- This nickname is registered. Please choose a different nickname, or identify via /msg NickServ identify <password>.
--- Log closed Wed Oct 22 23:20:20 2014
--- Log opened Wed Oct 22 23:21:17 2014
23:21 -NickServ(NickServ@services.)- This nickname is registered. Please choose a different nickname, or identify via /msg NickServ identify <password>.
--- Log closed Wed Oct 22 23:21:40 2014
--- Log opened Wed Oct 22 23:23:10 2014
23:23 -NickServ(NickServ@services.)- This nickname is registered. Please choose a different nickname, or identify via /msg NickServ identify <password>.
--- Log closed Wed Oct 22 23:26:54 2014
--- Log opened Wed Oct 22 23:27:05 2014
23:27 -NickServ(NickServ@services.)- This nickname is registered. Please choose a different nickname, or identify via /msg NickServ identify <password>.
23:28 -NickServ(NickServ@services.)- This nickname is registered. Please choose a different nickname, or identify via /msg NickServ identify <password>.
--- Log closed Wed Oct 22 23:28:36 2014
--- Log opened Wed Oct 22 23:31:00 2014
23:31 -NickServ(NickServ@services.)- This nickname is registered. Please choose a different nickname, or identify via /msg NickServ identify <password>.
--- Log closed Wed Oct 22 23:32:18 2014
--- Log opened Wed Oct 22 23:32:37 2014
23:32 -NickServ(NickServ@services.)- This nickname is registered. Please choose a different nickname, or identify via /msg NickServ identify <password>.
--- Log closed Wed Oct 22 23:33:14 2014
--- Log opened Wed Oct 22 23:36:25 2014
23:36 -NickServ(NickServ@services.)- This nickname is registered. Please choose a different nickname, or identify via /msg NickServ identify <password>.
23:38 -NickServ(NickServ@services.)- This nickname is registered. Please choose a different nickname, or identify via /msg NickServ identify <password>.
--- Log closed Wed Oct 22 23:38:32 2014
--- Log opened Wed Oct 22 23:39:47 2014
23:39 -NickServ(NickServ@services.)- This nickname is registered. Please choose a different nickname, or identify via /msg NickServ identify <password>.
--- Log closed Wed Oct 22 23:39:58 2014
--- Log opened Wed Oct 22 23:42:08 2014
23:42 -NickServ(NickServ@services.)- This nickname is registered. Please choose a different nickname, or identify via /msg NickServ identify <password>.
--- Log closed Wed Oct 22 23:42:44 2014
--- Log opened Wed Oct 22 23:45:08 2014
23:45 -NickServ(NickServ@services.)- This nickname is registered. Please choose a different nickname, or identify via /msg NickServ identify <password>.
23:45 :: Irssi: Starting query in Freenode with NickServ
23:45          mijicd: identify RHELMax#987
23:45 -NickServ(NickServ@services.)- You are now identified for mijicd.
--- Log closed Wed Oct 22 23:45:45 2014
--- Log opened Wed Oct 22 23:48:01 2014
23:48 -NickServ(NickServ@services.)- This nickname is registered. Please choose a different nickname, or identify via /msg NickServ identify <password>.
--- Log closed Wed Oct 22 23:48:11 2014
--- Log opened Wed Oct 22 23:52:06 2014
23:52 -NickServ(NickServ@services.)- This nickname is registered. Please choose a different nickname, or identify via /msg NickServ identify <password>.
23:52 -NickServ(NickServ@services.)- This nickname is registered. Please choose a different nickname, or identify via /msg NickServ identify <password>.
23:53 -NickServ(NickServ@services.)- This nickname is registered. Please choose a different nickname, or identify via /msg NickServ identify <password>.
--- Log closed Wed Oct 22 23:53:50 2014
--- Log opened Wed Oct 22 23:57:38 2014
23:57 -NickServ(NickServ@services.)- This nickname is registered. Please choose a different nickname, or identify via /msg NickServ identify <password>.
23:58 :: Irssi: Starting query in Freenode with nickserv
23:58          mijicd: set password RHELMax#987
23:58 -NickServ(NickServ@services.)- You are not logged in.
--- Day changed Thu Oct 23 2014
00:00 :: Irssi: Closing query with nickserv
--- Log closed Thu Oct 23 00:00:13 2014
--- Log opened Thu Oct 23 00:00:40 2014
00:00 -NickServ(NickServ@services.)- This nickname is registered. Please choose a different nickname, or identify via /msg NickServ identify <password>.
00:00 :: Irssi: Starting query in Freenode with nickserv
00:00          mijicd: identify RHELmax#987
00:00 -NickServ(NickServ@services.)- Invalid password for mijicd.
00:01          mijicd: identify RHELMax#987
00:01 -NickServ(NickServ@services.)- You are now identified for mijicd.
00:01 -NickServ(NickServ@services.)- 1 failed login since last login.
00:01 -NickServ(NickServ@services.)- Last failed attempt from: mijicd!~mijicd@cable-188-246-47-176.dynamic.kdsinter.net on Oct 23 00:00:52 2014.
--- Log closed Thu Oct 23 00:02:29 2014
--- Log opened Thu Oct 23 00:02:38 2014
00:02 -NickServ(NickServ@services.)- This nickname is registered. Please choose a different nickname, or identify via /msg NickServ identify <password>.
00:02 :: Irssi: Starting query in Freenode with nickserv
00:02          mijicd: identify RHELMax#987
00:02 -NickServ(NickServ@services.)- You are now identified for mijicd.
00:07 :: Irssi: Closing query with nickserv
--- Log closed Thu Oct 23 00:07:18 2014
